<?xml version="1.0" encoding="UTF-8"?>
<!-- Generated by org.testng.reporters.JUnitReportReporter -->
<testsuite hostname="ITSL-LT52" failures="0" tests="1" name="com.appseConnect.testCases.TC_LoginTest_001" time="17.583" errors="0" timestamp="2022-05-23T22:04:22 IST" skipped="0">
  <testcase classname="com.appseConnect.testCases.TC_LoginTest_001" name="loginTest" time="17.583"/>
  <system-out/>
</testsuite> <!-- com.appseConnect.testCases.TC_LoginTest_001 -->
