<?xml version="1.0" encoding="UTF-8"?>
<!-- Generated by org.testng.reporters.JUnitReportReporter -->
<testsuite hostname="ITSL-LT52" failures="0" tests="1" name="com.appseConnect.testCases.TC_PFListingPageTest_003" time="22.095" errors="0" timestamp="2022-05-31T19:43:50 IST" skipped="0">
  <testcase classname="com.appseConnect.testCases.TC_PFListingPageTest_003" name="checkPFListingPage" time="22.095"/>
  <system-out/>
</testsuite> <!-- com.appseConnect.testCases.TC_PFListingPageTest_003 -->
