<?xml version="1.0" encoding="UTF-8"?>
<!-- Generated by org.testng.reporters.JUnitReportReporter -->
<testsuite hostname="ITSL-LT52" failures="0" tests="1" name="com.appseConnect.testCases.TC_UserOnBoardingSetPassword_001" time="1.709" errors="0" timestamp="2022-08-03T14:54:58 IST" skipped="0">
  <testcase classname="com.appseConnect.testCases.TC_UserOnBoardingSetPassword_001" name="setPasswordAllElementsPresent" time="1.709"/>
  <system-out/>
</testsuite> <!-- com.appseConnect.testCases.TC_UserOnBoardingSetPassword_001 -->
