<?xml version="1.0" encoding="UTF-8"?>
<!-- Generated by org.testng.reporters.JUnitReportReporter -->
<testsuite hostname="ITSL-LT52" failures="0" tests="1" name="com.appseConnect.testCases.TC_OnBoardingUrlCreationTest_006" time="32.319" errors="0" timestamp="2022-06-17T11:17:18 IST" skipped="0">
  <testcase classname="com.appseConnect.testCases.TC_OnBoardingUrlCreationTest_006" name="addNewCustomer" time="32.319"/>
  <system-out/>
</testsuite> <!-- com.appseConnect.testCases.TC_OnBoardingUrlCreationTest_006 -->
