<?xml version="1.0" encoding="UTF-8"?>
<!-- Generated by org.testng.reporters.JUnitReportReporter -->
<testsuite hostname="ITSL-LT52" failures="0" tests="1" name="com.appseConnect.testCases.TC_PFListingPageTest_003" time="41.216" errors="0" timestamp="2022-05-31T20:38:38 IST" skipped="0">
  <testcase classname="com.appseConnect.testCases.TC_PFListingPageTest_003" name="checkPFListingPage" time="41.216"/>
  <system-out/>
</testsuite> <!-- com.appseConnect.testCases.TC_PFListingPageTest_003 -->
