<?xml version="1.0" encoding="UTF-8"?>
<!-- Generated by org.testng.reporters.JUnitReportReporter -->
<testsuite hostname="ITSL-LT52" failures="0" tests="1" name="com.appseConnect.testCases.TC_LoginTest_001" time="27.243" errors="0" timestamp="2022-05-31T17:06:50 IST" skipped="0">
  <testcase classname="com.appseConnect.testCases.TC_LoginTest_001" name="loginTest" time="27.243"/>
  <system-out/>
</testsuite> <!-- com.appseConnect.testCases.TC_LoginTest_001 -->
