<?xml version="1.0" encoding="UTF-8"?>
<!-- Generated by org.testng.reporters.JUnitReportReporter -->
<testsuite hostname="ITSL-LT52" failures="0" tests="1" name="com.appseConnect.testCases.testttcc" time="20.723" errors="0" timestamp="2022-06-21T20:36:24 IST" skipped="0">
  <testcase classname="com.appseConnect.testCases.testttcc" name="addNewCustomer" time="20.723"/>
  <system-out/>
</testsuite> <!-- com.appseConnect.testCases.testttcc -->
