<?xml version="1.0" encoding="UTF-8"?>
<!-- Generated by org.testng.reporters.JUnitReportReporter -->
<testsuite hostname="ITSL-LT52" failures="0" tests="1" name="com.appseConnect.testCases.TC_OnBoardingUrlCreationTest_006" time="19.887" errors="0" timestamp="2022-06-14T21:04:00 IST" skipped="0">
  <testcase classname="com.appseConnect.testCases.TC_OnBoardingUrlCreationTest_006" name="addNewCustomer" time="19.887"/>
  <system-out/>
</testsuite> <!-- com.appseConnect.testCases.TC_OnBoardingUrlCreationTest_006 -->
