<?xml version="1.0" encoding="UTF-8"?>
<!-- Generated by org.testng.reporters.JUnitReportReporter -->
<testsuite hostname="ITSL-LT52" failures="0" tests="1" name="com.appseConnect.testCases.TC_NewCustomerSignUpTest_005" time="7.974" errors="0" timestamp="2022-06-13T20:24:52 IST" skipped="0">
  <testcase classname="com.appseConnect.testCases.TC_NewCustomerSignUpTest_005" name="addNewCustomer" time="7.974"/>
  <system-out/>
</testsuite> <!-- com.appseConnect.testCases.TC_NewCustomerSignUpTest_005 -->
